

Microchip Technology PIC LITE Macro Assembler V1.44 build -154322312 
                                                                                               Wed Apr 22 20:14:04 2026

Microchip Technology Omniscient Code Generator v1.44 (Free mode) build 201709140600
     1                           	processor	16F88
     2                           	opt	pw 120
     3                           	opt	lm
     4                           	psect	cinit,global,class=CODE,merge=1,delta=2
     5                           	psect	cstackCOMMON,global,class=COMMON,space=1,delta=1
     6                           	psect	maintext,global,class=CODE,split=1,delta=2
     7                           	dabs	1,0x7E,2
     8  0000                     
     9                           ; Version 1.44
    10                           ; Generated 14/09/2017 GMT
    11                           ; 
    12                           ; Copyright © 2017, Microchip Technology Inc. and its subsidiaries ("Microchip")
    13                           ; All rights reserved.
    14                           ; 
    15                           ; This software is developed by Microchip Technology Inc. and its subsidiaries ("Microch
      +                          ip").
    16                           ; 
    17                           ; Redistribution and use in source and binary forms, with or without modification, are
    18                           ; permitted provided that the following conditions are met:
    19                           ; 
    20                           ;     1. Redistributions of source code must retain the above copyright notice, this lis
      +                          t of
    21                           ;        conditions and the following disclaimer.
    22                           ; 
    23                           ;     2. Redistributions in binary form must reproduce the above copyright notice, this 
      +                          list
    24                           ;        of conditions and the following disclaimer in the documentation and/or other
    25                           ;        materials provided with the distribution.
    26                           ; 
    27                           ;     3. Microchip's name may not be used to endorse or promote products derived from th
      +                          is
    28                           ;        software without specific prior written permission.
    29                           ; 
    30                           ; THIS SOFTWARE IS PROVIDED BY MICROCHIP "AS IS" AND ANY EXPRESS OR IMPLIED WARRANTIES,
    31                           ; INCLUDING, BUT NOT LIMITED TO, THE IMPLIED WARRANTIES OF MERCHANTABILITY AND FITNESS F
      +                          OR
    32                           ; PURPOSE ARE DISCLAIMED.  IN NO EVENT SHALL MICROCHIP BE LIABLE FOR ANY DIRECT, INDIREC
      +                          T,
    33                           ; INCIDENTAL, SPECIAL, EXEMPLARY, OR CONSEQUENTIAL DAMAGES (INCLUDING BUT NOT LIMITED TO
    34                           ; PROCUREMENT OF SUBSTITUTE GOODS OR SERVICES; LOSS OF USE, DATA OR PROFITS; OR BUSINESS
    35                           ; INTERRUPTION) HOWSOEVER CAUSED AND ON ANY THEORY OF LIABILITY, WHETHER IN CONTRACT, ST
      +                          RICT
    36                           ; LIABILITY, OR TORT (INCLUDING NEGLIGENCE OR OTHERWISE) ARISING IN ANY WAY OUT OF THE U
      +                          SE OF
    37                           ; THIS SOFTWARE, EVEN IF ADVISED OF THE POSSIBILITY OF SUCH DAMAGE.
    38                           ; 
    39                           ; 
    40                           ; Code-generator required, PIC16F88 Definitions
    41                           ; 
    42                           ; SFR Addresses
    43  0000                     	;# 
    44  0001                     	;# 
    45  0002                     	;# 
    46  0003                     	;# 
    47  0004                     	;# 
    48  0005                     	;# 
    49  0006                     	;# 
    50  000A                     	;# 
    51  000B                     	;# 
    52  000C                     	;# 
    53  000D                     	;# 
    54  000E                     	;# 
    55  000E                     	;# 
    56  000F                     	;# 
    57  0010                     	;# 
    58  0011                     	;# 
    59  0012                     	;# 
    60  0013                     	;# 
    61  0014                     	;# 
    62  0015                     	;# 
    63  0015                     	;# 
    64  0016                     	;# 
    65  0017                     	;# 
    66  0018                     	;# 
    67  0019                     	;# 
    68  001A                     	;# 
    69  001E                     	;# 
    70  001F                     	;# 
    71  0081                     	;# 
    72  0085                     	;# 
    73  0086                     	;# 
    74  008C                     	;# 
    75  008D                     	;# 
    76  008E                     	;# 
    77  008F                     	;# 
    78  0090                     	;# 
    79  0092                     	;# 
    80  0093                     	;# 
    81  0094                     	;# 
    82  0098                     	;# 
    83  0099                     	;# 
    84  009B                     	;# 
    85  009C                     	;# 
    86  009D                     	;# 
    87  009E                     	;# 
    88  009F                     	;# 
    89  0105                     	;# 
    90  010C                     	;# 
    91  010D                     	;# 
    92  010E                     	;# 
    93  010F                     	;# 
    94  018C                     	;# 
    95  018D                     	;# 
    96  0006                     _PORTB	set	6
    97  0030                     _RB0	set	48
    98  0086                     _TRISB	set	134
    99                           
   100                           ; #config settings
   101  0000                     
   102                           	psect	cinit
   103  07FD                     start_initialization:	
   104  07FD                     __initialization:	
   105  07FD                     end_of_initialization:	
   106                           ;End of C runtime variable initialization code
   107                           
   108  07FD                     __end_of__initialization:	
   109  07FD  0183               	clrf	3
   110  07FE  118A  2FD6         	ljmp	_main	;jump to C main() function
   111                           
   112                           	psect	cstackCOMMON
   113  0070                     __pcstackCOMMON:	
   114  0070                     ?_main:	
   115  0070                     ??_main:	
   116                           ; 1 bytes @ 0x0
   117                           
   118                           
   119                           ; 1 bytes @ 0x0
   120  0070                     	ds	3
   121                           
   122                           	psect	maintext
   123  07D6                     __pmaintext:	
   124 ;;
   125 ;;Main: autosize = 0, tempsize = 3, incstack = 0, save=0
   126 ;;
   127 ;; *************** function _main *****************
   128 ;; Defined at:
   129 ;;		line 24 in file "main.c"
   130 ;; Parameters:    Size  Location     Type
   131 ;;		None
   132 ;; Auto vars:     Size  Location     Type
   133 ;;		None
   134 ;; Return value:  Size  Location     Type
   135 ;;                  1    wreg      void 
   136 ;; Registers used:
   137 ;;		wreg, status,2
   138 ;; Tracked objects:
   139 ;;		On entry : B00/0
   140 ;;		On exit  : 0/0
   141 ;;		Unchanged: 0/0
   142 ;; Data sizes:     COMMON   BANK0   BANK1   BANK3   BANK2
   143 ;;      Params:         0       0       0       0       0
   144 ;;      Locals:         0       0       0       0       0
   145 ;;      Temps:          3       0       0       0       0
   146 ;;      Totals:         3       0       0       0       0
   147 ;;Total ram usage:        3 bytes
   148 ;; This function calls:
   149 ;;		Nothing
   150 ;; This function is called by:
   151 ;;		Startup code after reset
   152 ;; This function uses a non-reentrant model
   153 ;;
   154                           
   155                           
   156                           ;psect for function _main
   157  07D6                     _main:	
   158                           
   159                           ;main.c: 26: TRISB = 0x00;
   160                           
   161                           ;incstack = 0
   162                           ; Regs used in _main: [wreg+status,2]
   163  07D6  1683               	bsf	3,5	;RP0=1, select bank1
   164  07D7  1303               	bcf	3,6	;RP1=0, select bank1
   165  07D8  0186               	clrf	6	;volatile
   166                           
   167                           ;main.c: 27: PORTB = 0x00;
   168  07D9  1283               	bcf	3,5	;RP0=0, select bank0
   169  07DA  1303               	bcf	3,6	;RP1=0, select bank0
   170  07DB  0186               	clrf	6	;volatile
   171  07DC                     l504:	
   172                           ;main.c: 29: while(1) {
   173                           
   174                           
   175                           ;main.c: 30: RB0 = 1;
   176  07DC  1283               	bcf	3,5	;RP0=0, select bank0
   177  07DD  1303               	bcf	3,6	;RP1=0, select bank0
   178  07DE  1406               	bsf	6,0	;volatile
   179                           
   180                           ;main.c: 31: _delay((unsigned long)((500)*(8000000/4000.0)));
   181  07DF  3006               	movlw	6
   182  07E0  00F2               	movwf	??_main+2
   183  07E1  3013               	movlw	19
   184  07E2  00F1               	movwf	??_main+1
   185  07E3  30AD               	movlw	173
   186  07E4  00F0               	movwf	??_main
   187  07E5                     u17:	
   188  07E5  0BF0               	decfsz	??_main,f
   189  07E6  2FE5               	goto	u17
   190  07E7  0BF1               	decfsz	??_main+1,f
   191  07E8  2FE5               	goto	u17
   192  07E9  0BF2               	decfsz	??_main+2,f
   193  07EA  2FE5               	goto	u17
   194  07EB  2FEC               	nop2
   195                           
   196                           ;main.c: 33: RB0 = 0;
   197  07EC  1283               	bcf	3,5	;RP0=0, select bank0
   198  07ED  1303               	bcf	3,6	;RP1=0, select bank0
   199  07EE  1006               	bcf	6,0	;volatile
   200                           
   201                           ;main.c: 34: _delay((unsigned long)((500)*(8000000/4000.0)));
   202  07EF  3006               	movlw	6
   203  07F0  00F2               	movwf	??_main+2
   204  07F1  3013               	movlw	19
   205  07F2  00F1               	movwf	??_main+1
   206  07F3  30AD               	movlw	173
   207  07F4  00F0               	movwf	??_main
   208  07F5                     u27:	
   209  07F5  0BF0               	decfsz	??_main,f
   210  07F6  2FF5               	goto	u27
   211  07F7  0BF1               	decfsz	??_main+1,f
   212  07F8  2FF5               	goto	u27
   213  07F9  0BF2               	decfsz	??_main+2,f
   214  07FA  2FF5               	goto	u27
   215  07FB  2FFC               	nop2
   216  07FC  2FDC               	goto	l504
   217  07FD                     __end_of_main:	
   218  007E                     btemp	set	126	;btemp
   219  007E                     wtemp0	set	126


Data Sizes:
    Strings     0
    Constant    0
    Data        0
    BSS         0
    Persistent  0
    Stack       0

Auto Spaces:
    Space          Size  Autos    Used
    COMMON           14      3       3
    BANK0            80      0       0
    BANK1            80      0       0
    BANK3            96      0       0
    BANK2            96      0       0

Pointer List with Targets:

    None.

Critical Paths under _main in COMMON

    None.

Critical Paths under _main in BANK0

    None.

Critical Paths under _main in BANK1

    None.

Critical Paths under _main in BANK3

    None.

Critical Paths under _main in BANK2

    None.

Call Graph Tables:

 ---------------------------------------------------------------------------------
 (Depth) Function   	        Calls       Base Space   Used Autos Params    Refs
 ---------------------------------------------------------------------------------
 (0) _main                                                 3     3      0       0
                                              0 COMMON     3     3      0
 ---------------------------------------------------------------------------------
 Estimated maximum stack depth 0
 ---------------------------------------------------------------------------------

 Call Graph Graphs:

 _main (ROOT)

 Address spaces:
Name               Size   Autos  Total    Cost      Usage
BITCOMMON            E      0       0       0        0.0%
EEDATA             100      0       0       0        0.0%
NULL                 0      0       0       0        0.0%
CODE                 0      0       0       0        0.0%
COMMON               E      3       3       1       21.4%
BITSFR0              0      0       0       1        0.0%
SFR0                 0      0       0       1        0.0%
BITSFR1              0      0       0       2        0.0%
SFR1                 0      0       0       2        0.0%
STACK                0      0       0       2        0.0%
ABS                  0      0       0       3        0.0%
BITBANK0            50      0       0       4        0.0%
BITSFR3              0      0       0       4        0.0%
SFR3                 0      0       0       4        0.0%
BANK0               50      0       0       5        0.0%
BITSFR2              0      0       0       5        0.0%
SFR2                 0      0       0       5        0.0%
BITBANK1            50      0       0       6        0.0%
BANK1               50      0       0       7        0.0%
BITBANK3            60      0       0       8        0.0%
BANK3               60      0       0       9        0.0%
BITBANK2            60      0       0      10        0.0%
BANK2               60      0       0      11        0.0%
DATA                 0      0       0      12        0.0%


Microchip Technology PIC Macro Assembler V1.44 build -154322312 
Symbol Table                                                                                   Wed Apr 22 20:14:04 2026

            __CFG_CP$OFF 0000                       u17 07E5                       u27 07F5  
            __CFG_LVP$ON 0000                      l504 07DC                      _RB0 0030  
           __CFG_CPD$OFF 0000             __CFG_IESO$ON 0000             __CFG_WDTE$ON 0000  
           __CFG_WRT$OFF 0000            __CFG_FCMEN$ON 0000                     _main 07D6  
                   btemp 007E            __CFG_BOREN$ON 0000                     start 0000  
          __CFG_MCLRE$ON 0000                    ?_main 0070                    _PORTB 0006  
                  _TRISB 0086           __CFG_CCPMX$RB0 0000                    status 0003  
                  wtemp0 007E          __initialization 07FD             __end_of_main 07FD  
                 ??_main 0070           __CFG_PWRTE$OFF 0000  __end_of__initialization 07FD  
         __pcstackCOMMON 0070               __pmaintext 07D6     end_of_initialization 07FD  
    start_initialization 07FD                ___latbits 0001            __size_of_main 0027  
     __CFG_FOSC$EXTRCCLK 0000  
